<?xml version="1.0" encoding="UTF-8"?>
<!-- Generated by org.testng.reporters.JUnitXMLReporter -->
<testsuite ignored="2" hostname="DESKTOP-LBABU7R" failures="0" tests="1" name="Default test" time="20.487" errors="0" timestamp="2025-01-12T20:38:53 BDT">
  <testcase classname="Testing.LoginTest" name="LoginSuccess" time="13.762"/>
  <testcase classname="Testing.LoginTest" name="PassworderrorCheck" time="0.0">
    <ignored/>
  </testcase> <!-- PassworderrorCheck -->
  <testcase classname="Testing.LoginTest" name="emailerrorCheck" time="0.0">
    <ignored/>
  </testcase> <!-- emailerrorCheck -->
</testsuite> <!-- Default test -->
