<?xml version="1.0" encoding="UTF-8"?>
<testng-results ignored="0" total="1" passed="1" failed="0" skipped="0">
  <reporter-output>
  </reporter-output>
  <suite started-at="2025-03-03T00:33:21 BDT" name="Suite" finished-at="2025-03-03T00:33:37 BDT" duration-ms="15484">
    <groups>
    </groups>
    <test started-at="2025-03-03T00:33:21 BDT" name="Test" finished-at="2025-03-03T00:33:37 BDT" duration-ms="15484">
      <class name="Testing.testLogin">
        <test-method is-config="true" signature="CommonConfigure()[pri:0, instance:Testing.testLogin@702b06fb]" started-at="2025-03-03T00:33:21 BDT" name="CommonConfigure" finished-at="2025-03-03T00:33:27 BDT" duration-ms="5446" status="PASS">
          <reporter-output>
          </reporter-output>
        </test-method> <!-- CommonConfigure -->
        <test-method signature="Ftest(java.lang.String,java.lang.String)[pri:0, instance:Testing.testLogin@702b06fb]" started-at="2025-03-03T00:33:27 BDT" name="Ftest" data-provider="getData" finished-at="2025-03-03T00:33:36 BDT" duration-ms="9701" status="PASS">
          <params>
            <param index="0">
              <value>
                <![CDATA[abc@gmail.com]]>
              </value>
            </param>
            <param index="1">
              <value>
                <![CDATA[123456147]]>
              </value>
            </param>
          </params>
          <reporter-output>
          </reporter-output>
        </test-method> <!-- Ftest -->
        <test-method is-config="true" signature="finish()[pri:0, instance:Testing.testLogin@702b06fb]" started-at="2025-03-03T00:33:36 BDT" name="finish" finished-at="2025-03-03T00:33:37 BDT" duration-ms="255" status="PASS">
          <reporter-output>
          </reporter-output>
        </test-method> <!-- finish -->
      </class> <!-- Testing.testLogin -->
    </test> <!-- Test -->
  </suite> <!-- Suite -->
</testng-results>
