<?xml version="1.0" encoding="UTF-8"?>
<testng-results ignored="0" total="1" passed="1" failed="0" skipped="0">
  <reporter-output>
  </reporter-output>
  <suite started-at="2025-01-12T20:38:32 BDT" name="Default suite" finished-at="2025-01-12T20:38:53 BDT" duration-ms="20487">
    <groups>
    </groups>
    <test started-at="2025-01-12T20:38:32 BDT" name="Default test" finished-at="2025-01-12T20:38:53 BDT" duration-ms="20487">
      <class name="Testing.LoginTest">
        <test-method is-config="true" signature="CommonConfigure()[pri:0, instance:Testing.LoginTest@6f03482]" started-at="2025-01-12T20:38:32 BDT" name="CommonConfigure" finished-at="2025-01-12T20:38:39 BDT" duration-ms="6403" status="PASS">
          <reporter-output>
          </reporter-output>
        </test-method> <!-- CommonConfigure -->
        <test-method signature="LoginSuccess()[pri:0, instance:Testing.LoginTest@6f03482]" started-at="2025-01-12T20:38:39 BDT" name="LoginSuccess" finished-at="2025-01-12T20:38:53 BDT" duration-ms="13762" status="PASS">
          <reporter-output>
          </reporter-output>
        </test-method> <!-- LoginSuccess -->
        <test-method is-config="true" signature="finish()[pri:0, instance:Testing.LoginTest@6f03482]" started-at="2025-01-12T20:38:53 BDT" name="finish" finished-at="2025-01-12T20:38:53 BDT" duration-ms="296" status="PASS">
          <reporter-output>
          </reporter-output>
        </test-method> <!-- finish -->
      </class> <!-- Testing.LoginTest -->
    </test> <!-- Default test -->
  </suite> <!-- Default suite -->
</testng-results>
